<?xml version="1.0" encoding="UTF-8"?>
<!-- Generated by org.testng.reporters.JUnitXMLReporter -->
<testsuite hostname="synps3152422" ignored="0" name="h Test" tests="5" failures="1" timestamp="2020-06-22T20:32:50 IST" time="72.928" errors="0">
  <testcase name="logoValidation" time="34.828" classname="testcases.TC03"/>
  <testcase name="loginValidation" time="36.357" classname="testcases.TC01"/>
  <testcase name="supportValidation" time="36.667" classname="testcases.TC05">
    <failure type="junit.framework.ComparisonFailure" message="expected:&amp;lt;...against your booking[]&amp;gt; but was:&amp;lt;...against your booking[123]&amp;gt;">
      <![CDATA[junit.framework.ComparisonFailure: expected:<...against your booking[]> but was:<...against your booking[123]>
at junit.framework.Assert.assertEquals(Assert.java:100)
at junit.framework.Assert.assertEquals(Assert.java:107)
at testcases.TC05.supportValidation(TC05.java:40)
at java.util.ArrayList.forEach(Unknown Source)
at java.util.concurrent.FutureTask.run(Unknown Source)
at java.util.concurrent.ThreadPoolExecutor.runWorker(Unknown Source)
at java.util.concurrent.ThreadPoolExecutor$Worker.run(Unknown Source)
at java.lang.Thread.run(Unknown Source)
... Removed 18 stack frames]]>
    </failure>
  </testcase> <!-- supportValidation -->
  <testcase name="earnCreditNavigation" time="49.462" classname="testcases.TC06"/>
  <testcase name="productWindows" time="57.146" classname="testcases.TC11"/>
</testsuite> <!-- h Test -->
