<?xml version="1.0" encoding="UTF-8"?>
<!-- Generated by org.testng.reporters.JUnitXMLReporter -->
<testsuite hostname="synps3152422" ignored="0" name="ValidationLogin Test" tests="3" failures="0" timestamp="2020-06-03T00:06:46 IST" time="41.674" errors="0">
  <testcase name="earnCreditNavigation" time="20.128" classname="testcases.TC06"/>
  <testcase name="logoValidation" time="21.396" classname="testcases.TC03"/>
  <testcase name="loginValidation" time="27.609" classname="testcases.TC01"/>
</testsuite> <!-- ValidationLogin Test -->
